<?xml version="1.0" encoding="UTF-8"?>
<!-- Generated by org.testng.reporters.JUnitXMLReporter -->
<testsuite ignored="1" hostname="DESKTOP-J48D0NI" failures="0" tests="1" name="Default test" time="210.229" errors="0" timestamp="2025-04-15T15:14:05 IST">
  <testcase classname="com.d365.testlayer.RunTransferOrderReceipt" name="negativeNoOfBoxesField" time="206.028"/>
  <testcase classname="com.d365.testlayer.RunTransferOrderReceipt" name="negativeTransferOrderReceipt" time="0.0">
    <ignored/>
  </testcase> <!-- negativeTransferOrderReceipt -->
</testsuite> <!-- Default test -->
